<?xml version="1.0" encoding="UTF-8"?>
<!-- Generated by org.testng.reporters.JUnitReportReporter -->
<testsuite hostname="Salesian" failures="0" tests="1" name="runner.CucumberRunner" time="5.017" errors="1" timestamp="2022-07-27T16:58:32 EDT" skipped="0">
  <testcase classname="runner.CucumberRunner" name="runScenario" time="5.017">
    <error message="Cannot invoke &quot;org.openqa.selenium.chrome.ChromeDriver.findElement(org.openqa.selenium.By)&quot; because &quot;this.driver&quot; is null" type="java.lang.NullPointerException">
      <![CDATA[java.lang.NullPointerException: Cannot invoke "org.openqa.selenium.chrome.ChromeDriver.findElement(org.openqa.selenium.By)" because "this.driver" is null
at steps.StepDefinition.enterUsername(StepDefinition.java:34)
at âœ½.Enter the username as 'DemoCSR'(file:///D:/Salesian/Automation/WorkSpace_TestLeaf/MavenProject/src/test/java/features/createLead.feature:9)
]]>
    </error>
  </testcase> <!-- runScenario -->
  <system-out/>
</testsuite> <!-- runner.CucumberRunner -->
